<?xml version="1.0" encoding="UTF-8"?>
<!-- Generated by org.testng.reporters.JUnitXMLReporter -->
<testsuite ignored="0" hostname="DESKTOP-O213TSE" failures="0" tests="10" name="Default test" time="20.395" errors="0" timestamp="2021-01-06T11:27:10 IST">
  <testcase classname="com.stackroute.SeleniumAdvJSExecutor.AppTest" name="T01_returnTest" time="0.06"/>
  <testcase classname="com.stackroute.SeleniumAdvJSExecutor.AppTest" name="T02_alertPopUpWindow" time="0.112"/>
  <testcase classname="com.stackroute.SeleniumAdvJSExecutor.AppTest" name="T03_getTitle" time="0.053"/>
  <testcase classname="com.stackroute.SeleniumAdvJSExecutor.AppTest" name="T04_refreshBrowser" time="0.451"/>
  <testcase classname="com.stackroute.SeleniumAdvJSExecutor.AppTest" name="T05_ccrollDownUntilAnElementDisplayed" time="0.116"/>
  <testcase classname="com.stackroute.SeleniumAdvJSExecutor.AppTest" name="T06_getURL" time="0.042"/>
  <testcase classname="com.stackroute.SeleniumAdvJSExecutor.AppTest" name="T07_highLightAnElement" time="0.056"/>
  <testcase classname="com.stackroute.SeleniumAdvJSExecutor.AppTest" name="T08_hideAndShowElement" time="0.064"/>
  <testcase classname="com.stackroute.SeleniumAdvJSExecutor.AppTest" name="T09_createAnAnonymousFunction" time="0.113"/>
  <testcase classname="com.stackroute.SeleniumAdvJSExecutor.AppTest" name="T10_navigateToOtherPage" time="7.176"/>
</testsuite> <!-- Default test -->
