<?xml version="1.0" encoding="UTF-8"?>
<testng-results ignored="0" total="10" passed="10" failed="0" skipped="0">
  <reporter-output>
  </reporter-output>
  <suite started-at="2021-01-06T11:26:49 IST" name="Default suite" finished-at="2021-01-06T11:27:10 IST" duration-ms="20395">
    <groups>
    </groups>
    <test started-at="2021-01-06T11:26:49 IST" name="Default test" finished-at="2021-01-06T11:27:10 IST" duration-ms="20395">
      <class name="com.stackroute.SeleniumAdvJSExecutor.AppTest">
        <test-method is-config="true" signature="setupTest()[pri:0, instance:com.stackroute.SeleniumAdvJSExecutor.AppTest@770d3326]" started-at="2021-01-06T11:26:49 IST" name="setupTest" finished-at="2021-01-06T11:27:00 IST" duration-ms="10568" status="PASS">
          <reporter-output>
          </reporter-output>
        </test-method> <!-- setupTest -->
        <test-method signature="T01_returnTest()[pri:0, instance:com.stackroute.SeleniumAdvJSExecutor.AppTest@770d3326]" started-at="2021-01-06T11:27:00 IST" name="T01_returnTest" finished-at="2021-01-06T11:27:00 IST" duration-ms="60" status="PASS">
          <reporter-output>
          </reporter-output>
        </test-method> <!-- T01_returnTest -->
        <test-method signature="T02_alertPopUpWindow()[pri:0, instance:com.stackroute.SeleniumAdvJSExecutor.AppTest@770d3326]" started-at="2021-01-06T11:27:00 IST" name="T02_alertPopUpWindow" finished-at="2021-01-06T11:27:00 IST" duration-ms="112" status="PASS">
          <reporter-output>
          </reporter-output>
        </test-method> <!-- T02_alertPopUpWindow -->
        <test-method signature="T03_getTitle()[pri:0, instance:com.stackroute.SeleniumAdvJSExecutor.AppTest@770d3326]" started-at="2021-01-06T11:27:00 IST" name="T03_getTitle" finished-at="2021-01-06T11:27:00 IST" duration-ms="53" status="PASS">
          <reporter-output>
          </reporter-output>
        </test-method> <!-- T03_getTitle -->
        <test-method signature="T04_refreshBrowser()[pri:0, instance:com.stackroute.SeleniumAdvJSExecutor.AppTest@770d3326]" started-at="2021-01-06T11:27:00 IST" name="T04_refreshBrowser" finished-at="2021-01-06T11:27:00 IST" duration-ms="451" status="PASS">
          <reporter-output>
          </reporter-output>
        </test-method> <!-- T04_refreshBrowser -->
        <test-method signature="T05_ccrollDownUntilAnElementDisplayed()[pri:0, instance:com.stackroute.SeleniumAdvJSExecutor.AppTest@770d3326]" started-at="2021-01-06T11:27:00 IST" name="T05_ccrollDownUntilAnElementDisplayed" finished-at="2021-01-06T11:27:01 IST" duration-ms="116" status="PASS">
          <reporter-output>
          </reporter-output>
        </test-method> <!-- T05_ccrollDownUntilAnElementDisplayed -->
        <test-method signature="T06_getURL()[pri:0, instance:com.stackroute.SeleniumAdvJSExecutor.AppTest@770d3326]" started-at="2021-01-06T11:27:01 IST" name="T06_getURL" finished-at="2021-01-06T11:27:01 IST" duration-ms="42" status="PASS">
          <reporter-output>
          </reporter-output>
        </test-method> <!-- T06_getURL -->
        <test-method signature="T07_highLightAnElement()[pri:0, instance:com.stackroute.SeleniumAdvJSExecutor.AppTest@770d3326]" started-at="2021-01-06T11:27:01 IST" name="T07_highLightAnElement" finished-at="2021-01-06T11:27:01 IST" duration-ms="56" status="PASS">
          <reporter-output>
          </reporter-output>
        </test-method> <!-- T07_highLightAnElement -->
        <test-method signature="T08_hideAndShowElement()[pri:0, instance:com.stackroute.SeleniumAdvJSExecutor.AppTest@770d3326]" started-at="2021-01-06T11:27:01 IST" name="T08_hideAndShowElement" finished-at="2021-01-06T11:27:01 IST" duration-ms="64" status="PASS">
          <reporter-output>
          </reporter-output>
        </test-method> <!-- T08_hideAndShowElement -->
        <test-method signature="T09_createAnAnonymousFunction()[pri:0, instance:com.stackroute.SeleniumAdvJSExecutor.AppTest@770d3326]" started-at="2021-01-06T11:27:01 IST" name="T09_createAnAnonymousFunction" finished-at="2021-01-06T11:27:01 IST" duration-ms="113" status="PASS">
          <reporter-output>
          </reporter-output>
        </test-method> <!-- T09_createAnAnonymousFunction -->
        <test-method signature="T10_navigateToOtherPage()[pri:0, instance:com.stackroute.SeleniumAdvJSExecutor.AppTest@770d3326]" started-at="2021-01-06T11:27:01 IST" name="T10_navigateToOtherPage" finished-at="2021-01-06T11:27:08 IST" duration-ms="7176" status="PASS">
          <reporter-output>
          </reporter-output>
        </test-method> <!-- T10_navigateToOtherPage -->
        <test-method is-config="true" signature="quitDriver()[pri:0, instance:com.stackroute.SeleniumAdvJSExecutor.AppTest@770d3326]" started-at="2021-01-06T11:27:08 IST" name="quitDriver" finished-at="2021-01-06T11:27:10 IST" duration-ms="1483" status="PASS">
          <reporter-output>
          </reporter-output>
        </test-method> <!-- quitDriver -->
      </class> <!-- com.stackroute.SeleniumAdvJSExecutor.AppTest -->
    </test> <!-- Default test -->
  </suite> <!-- Default suite -->
</testng-results>
