<?xml version="1.0" encoding="UTF-8"?>
<testng-results ignored="0" total="1" passed="1" failed="0" skipped="0">
  <reporter-output>
  </reporter-output>
  <suite started-at="2021-02-04T11:40:38 IST" name="Default suite" finished-at="2021-02-04T11:41:04 IST" duration-ms="26343">
    <groups>
    </groups>
    <test started-at="2021-02-04T11:40:38 IST" name="Default test" finished-at="2021-02-04T11:41:04 IST" duration-ms="26343">
      <class name="com.SeleniumJSExecutor.AppTest">
        <test-method signature="initDriver()[pri:0, instance:com.SeleniumJSExecutor.AppTest@4f67eb2a]" started-at="2021-02-04T11:40:38 IST" name="initDriver" finished-at="2021-02-04T11:41:04 IST" duration-ms="25995" status="PASS">
          <reporter-output>
          </reporter-output>
        </test-method> <!-- initDriver -->
      </class> <!-- com.SeleniumJSExecutor.AppTest -->
    </test> <!-- Default test -->
  </suite> <!-- Default suite -->
</testng-results>
