<?xml version="1.0" encoding="UTF-8"?>
<testng-results ignored="0" total="1" passed="1" failed="0" skipped="0">
  <reporter-output>
  </reporter-output>
  <suite started-at="2021-02-03T11:36:27 IST" name="Default suite" finished-at="2021-02-03T11:37:02 IST" duration-ms="34246">
    <groups>
    </groups>
    <test started-at="2021-02-03T11:36:27 IST" name="Default test" finished-at="2021-02-03T11:37:02 IST" duration-ms="34246">
      <class name="com.SeleniumTestIntro.AppTest">
        <test-method is-config="true" signature="init()[pri:0, instance:com.SeleniumTestIntro.AppTest@4ef37659]" started-at="2021-02-03T11:36:27 IST" name="init" finished-at="2021-02-03T11:36:51 IST" duration-ms="23801" status="PASS">
          <reporter-output>
          </reporter-output>
        </test-method> <!-- init -->
        <test-method signature="verifyLoginTest()[pri:0, instance:com.SeleniumTestIntro.AppTest@4ef37659]" started-at="2021-02-03T11:36:51 IST" name="verifyLoginTest" finished-at="2021-02-03T11:37:02 IST" duration-ms="10255" status="PASS">
          <reporter-output>
          </reporter-output>
        </test-method> <!-- verifyLoginTest -->
      </class> <!-- com.SeleniumTestIntro.AppTest -->
    </test> <!-- Default test -->
  </suite> <!-- Default suite -->
</testng-results>
