<?xml version="1.0" encoding="UTF-8"?>
<testng-results ignored="0" total="2" passed="2" failed="0" skipped="0">
  <reporter-output>
  </reporter-output>
  <suite started-at="2021-02-05T15:46:50 IST" name="Suite3" finished-at="2021-02-05T15:47:38 IST" duration-ms="48159">
    <groups>
    </groups>
    <test started-at="2021-02-05T15:46:50 IST" name="OrangeHRMLoginGridTest" finished-at="2021-02-05T15:47:38 IST" duration-ms="48159">
      <class name="com.stackroute.selenium.gridTest.ChromeLoginTest">
        <test-method is-config="true" signature="initDriver()[pri:0, instance:com.stackroute.selenium.gridTest.ChromeLoginTest@776b83cc]" started-at="2021-02-05T15:46:50 IST" name="initDriver" finished-at="2021-02-05T15:47:09 IST" duration-ms="18903" status="PASS">
          <reporter-output>
          </reporter-output>
        </test-method> <!-- initDriver -->
        <test-method signature="verifyLogin()[pri:0, instance:com.stackroute.selenium.gridTest.ChromeLoginTest@776b83cc]" started-at="2021-02-05T15:47:12 IST" name="verifyLogin" finished-at="2021-02-05T15:47:24 IST" duration-ms="11812" status="PASS">
          <reporter-output>
          </reporter-output>
        </test-method> <!-- verifyLogin -->
      </class> <!-- com.stackroute.selenium.gridTest.ChromeLoginTest -->
      <class name="com.stackroute.selenium.gridTest.FirefoxLoginTest">
        <test-method is-config="true" signature="initDriver()[pri:0, instance:com.stackroute.selenium.gridTest.FirefoxLoginTest@37858383]" started-at="2021-02-05T15:46:50 IST" name="initDriver" finished-at="2021-02-05T15:47:37 IST" duration-ms="47130" status="PASS">
          <reporter-output>
          </reporter-output>
        </test-method> <!-- initDriver -->
        <test-method signature="verifyLogin()[pri:0, instance:com.stackroute.selenium.gridTest.FirefoxLoginTest@37858383]" started-at="2021-02-05T15:47:37 IST" name="verifyLogin" finished-at="2021-02-05T15:47:38 IST" duration-ms="960" status="PASS">
          <reporter-output>
          </reporter-output>
        </test-method> <!-- verifyLogin -->
      </class> <!-- com.stackroute.selenium.gridTest.FirefoxLoginTest -->
    </test> <!-- OrangeHRMLoginGridTest -->
  </suite> <!-- Suite3 -->
</testng-results>
